<?xml version="1.0" encoding="UTF-8"?>
<testsuite name="polymorphia.characters.CreatureTest" tests="2" skipped="0" failures="0" errors="0" timestamp="2026-02-01T01:10:54.404Z" hostname="SPACE_HEATER" time="0.001">
  <properties/>
  <testcase name="testMovingRoomLossOfQuarterPoint()" classname="polymorphia.characters.CreatureTest" time="0.0"/>
  <testcase name="testConstructor()" classname="polymorphia.characters.CreatureTest" time="0.0"/>
  <system-out><![CDATA[After moving rooms, Orc's health is: 3.75
Orc(health: 4.0)
]]></system-out>
  <system-err><![CDATA[]]></system-err>
</testsuite>
